NAME               MAJ:MIN RM  SIZE RO TYPE MOUNTPOINT
sda                  8:0    0 46.6G  0 disk 
├─sda1               8:1    0  100M  0 part /boot/efi
├─sda2               8:2    0    1G  0 part /boot
└─sda3               8:3    0 45.5G  0 part 
  ├─ocivolume-root 252:0    0 35.5G  0 lvm  /
  └─ocivolume-oled 252:1    0   10G  0 lvm  /var/oled
sdb                  8:16   0  500G  0 disk 
└─sdb1               8:17   0  500G  0 part /data/beegfs/beegfs_meta
sdc                  8:32   0  3.9T  0 disk 
└─sdc1               8:33   0  3.9T  0 part /data/beegfs/beegfs_storage01
sdd                  8:48   0  3.9T  0 disk 
└─sdd1               8:49   0  3.9T  0 part /data/beegfs/beegfs_storage02
sde                  8:64   0  3.9T  0 disk 
└─sde1               8:65   0  3.9T  0 part /data/beegfs/beegfs_storage03
sdf                  8:80   0  3.9T  0 disk 
└─sdf1               8:81   0  3.9T  0 part /data/beegfs/beegfs_storage04
sdg                  8:96   0  3.9T  0 disk 
└─sdg1               8:97   0  3.9T  0 part /data/beegfs/beegfs_storage05
nvme0n1            259:1    0  3.5T  0 disk 
